<?xml version="1.0" encoding="UTF-8"?>
<!-- Generated by org.testng.reporters.JUnitReportReporter -->
<testsuite hostname="Sailesh-R" failures="0" tests="1" name="cucumberOptions.TestNGTestRunner" time="21.697" errors="0" timestamp="2023-02-17T15:11:45 IST" skipped="0">
  <testcase classname="cucumberOptions.TestNGTestRunner" name="runScenario" time="21.697"/>
  <system-out/>
</testsuite> <!-- cucumberOptions.TestNGTestRunner -->
